2015-08-22 00:25:36 Notice: Notice (8): Undefined variable: post in [/opt/lampp/htdocs/cakephp/src/Template/Cliente/index.ctp, line 16]
Trace:
Cake\Error\BaseErrorHandler::handleError() - CORE/src/Error/BaseErrorHandler.php, line 139
include - APP/Template/Cliente/index.ctp, line 16
Cake\View\View::_evaluate() - CORE/src/View/View.php, line 828
Cake\View\View::_render() - CORE/src/View/View.php, line 788
Cake\View\View::render() - CORE/src/View/View.php, line 465
Cake\Controller\Controller::render() - CORE/src/Controller/Controller.php, line 582
Cake\Routing\Dispatcher::_invoke() - CORE/src/Routing/Dispatcher.php, line 120
Cake\Routing\Dispatcher::dispatch() - CORE/src/Routing/Dispatcher.php, line 87
[main] - ROOT/webroot/index.php, line 37



2015-08-22 00:25:36 Notice: Notice (8): Trying to get property of non-object in [/opt/lampp/htdocs/cakephp/src/Template/Cliente/index.ctp, line 16]
Trace:
Cake\Error\BaseErrorHandler::handleError() - CORE/src/Error/BaseErrorHandler.php, line 139
include - APP/Template/Cliente/index.ctp, line 16
Cake\View\View::_evaluate() - CORE/src/View/View.php, line 828
Cake\View\View::_render() - CORE/src/View/View.php, line 788
Cake\View\View::render() - CORE/src/View/View.php, line 465
Cake\Controller\Controller::render() - CORE/src/Controller/Controller.php, line 582
Cake\Routing\Dispatcher::_invoke() - CORE/src/Routing/Dispatcher.php, line 120
Cake\Routing\Dispatcher::dispatch() - CORE/src/Routing/Dispatcher.php, line 87
[main] - ROOT/webroot/index.php, line 37



2015-08-22 00:25:36 Notice: Notice (8): Undefined variable: post in [/opt/lampp/htdocs/cakephp/src/Template/Cliente/index.ctp, line 17]
Trace:
Cake\Error\BaseErrorHandler::handleError() - CORE/src/Error/BaseErrorHandler.php, line 139
include - APP/Template/Cliente/index.ctp, line 17
Cake\View\View::_evaluate() - CORE/src/View/View.php, line 828
Cake\View\View::_render() - CORE/src/View/View.php, line 788
Cake\View\View::render() - CORE/src/View/View.php, line 465
Cake\Controller\Controller::render() - CORE/src/Controller/Controller.php, line 582
Cake\Routing\Dispatcher::_invoke() - CORE/src/Routing/Dispatcher.php, line 120
Cake\Routing\Dispatcher::dispatch() - CORE/src/Routing/Dispatcher.php, line 87
[main] - ROOT/webroot/index.php, line 37



2015-08-22 00:25:36 Notice: Notice (8): Trying to get property of non-object in [/opt/lampp/htdocs/cakephp/src/Template/Cliente/index.ctp, line 17]
Trace:
Cake\Error\BaseErrorHandler::handleError() - CORE/src/Error/BaseErrorHandler.php, line 139
include - APP/Template/Cliente/index.ctp, line 17
Cake\View\View::_evaluate() - CORE/src/View/View.php, line 828
Cake\View\View::_render() - CORE/src/View/View.php, line 788
Cake\View\View::render() - CORE/src/View/View.php, line 465
Cake\Controller\Controller::render() - CORE/src/Controller/Controller.php, line 582
Cake\Routing\Dispatcher::_invoke() - CORE/src/Routing/Dispatcher.php, line 120
Cake\Routing\Dispatcher::dispatch() - CORE/src/Routing/Dispatcher.php, line 87
[main] - ROOT/webroot/index.php, line 37



2015-08-22 00:25:36 Notice: Notice (8): Undefined variable: post in [/opt/lampp/htdocs/cakephp/src/Template/Cliente/index.ctp, line 18]
Trace:
Cake\Error\BaseErrorHandler::handleError() - CORE/src/Error/BaseErrorHandler.php, line 139
include - APP/Template/Cliente/index.ctp, line 18
Cake\View\View::_evaluate() - CORE/src/View/View.php, line 828
Cake\View\View::_render() - CORE/src/View/View.php, line 788
Cake\View\View::render() - CORE/src/View/View.php, line 465
Cake\Controller\Controller::render() - CORE/src/Controller/Controller.php, line 582
Cake\Routing\Dispatcher::_invoke() - CORE/src/Routing/Dispatcher.php, line 120
Cake\Routing\Dispatcher::dispatch() - CORE/src/Routing/Dispatcher.php, line 87
[main] - ROOT/webroot/index.php, line 37



2015-08-22 00:25:36 Notice: Notice (8): Trying to get property of non-object in [/opt/lampp/htdocs/cakephp/src/Template/Cliente/index.ctp, line 18]
Trace:
Cake\Error\BaseErrorHandler::handleError() - CORE/src/Error/BaseErrorHandler.php, line 139
include - APP/Template/Cliente/index.ctp, line 18
Cake\View\View::_evaluate() - CORE/src/View/View.php, line 828
Cake\View\View::_render() - CORE/src/View/View.php, line 788
Cake\View\View::render() - CORE/src/View/View.php, line 465
Cake\Controller\Controller::render() - CORE/src/Controller/Controller.php, line 582
Cake\Routing\Dispatcher::_invoke() - CORE/src/Routing/Dispatcher.php, line 120
Cake\Routing\Dispatcher::dispatch() - CORE/src/Routing/Dispatcher.php, line 87
[main] - ROOT/webroot/index.php, line 37



2015-08-22 00:25:36 Notice: Notice (8): Undefined variable: post in [/opt/lampp/htdocs/cakephp/src/Template/Cliente/index.ctp, line 19]
Trace:
Cake\Error\BaseErrorHandler::handleError() - CORE/src/Error/BaseErrorHandler.php, line 139
include - APP/Template/Cliente/index.ctp, line 19
Cake\View\View::_evaluate() - CORE/src/View/View.php, line 828
Cake\View\View::_render() - CORE/src/View/View.php, line 788
Cake\View\View::render() - CORE/src/View/View.php, line 465
Cake\Controller\Controller::render() - CORE/src/Controller/Controller.php, line 582
Cake\Routing\Dispatcher::_invoke() - CORE/src/Routing/Dispatcher.php, line 120
Cake\Routing\Dispatcher::dispatch() - CORE/src/Routing/Dispatcher.php, line 87
[main] - ROOT/webroot/index.php, line 37



2015-08-22 00:25:36 Notice: Notice (8): Trying to get property of non-object in [/opt/lampp/htdocs/cakephp/src/Template/Cliente/index.ctp, line 19]
Trace:
Cake\Error\BaseErrorHandler::handleError() - CORE/src/Error/BaseErrorHandler.php, line 139
include - APP/Template/Cliente/index.ctp, line 19
Cake\View\View::_evaluate() - CORE/src/View/View.php, line 828
Cake\View\View::_render() - CORE/src/View/View.php, line 788
Cake\View\View::render() - CORE/src/View/View.php, line 465
Cake\Controller\Controller::render() - CORE/src/Controller/Controller.php, line 582
Cake\Routing\Dispatcher::_invoke() - CORE/src/Routing/Dispatcher.php, line 120
Cake\Routing\Dispatcher::dispatch() - CORE/src/Routing/Dispatcher.php, line 87
[main] - ROOT/webroot/index.php, line 37



2015-08-22 02:22:08 Notice: Notice (8): Undefined variable: cliente in [/opt/lampp/htdocs/cakephp/src/Template/Clientes/view.ctp, line 5]
Trace:
Cake\Error\BaseErrorHandler::handleError() - CORE/src/Error/BaseErrorHandler.php, line 139
include - APP/Template/Clientes/view.ctp, line 5
Cake\View\View::_evaluate() - CORE/src/View/View.php, line 828
Cake\View\View::_render() - CORE/src/View/View.php, line 788
Cake\View\View::render() - CORE/src/View/View.php, line 465
Cake\Controller\Controller::render() - CORE/src/Controller/Controller.php, line 582
Cake\Routing\Dispatcher::_invoke() - CORE/src/Routing/Dispatcher.php, line 120
Cake\Routing\Dispatcher::dispatch() - CORE/src/Routing/Dispatcher.php, line 87
[main] - ROOT/webroot/index.php, line 37



2015-08-22 02:22:08 Notice: Notice (8): Trying to get property of non-object in [/opt/lampp/htdocs/cakephp/src/Template/Clientes/view.ctp, line 5]
Trace:
Cake\Error\BaseErrorHandler::handleError() - CORE/src/Error/BaseErrorHandler.php, line 139
include - APP/Template/Clientes/view.ctp, line 5
Cake\View\View::_evaluate() - CORE/src/View/View.php, line 828
Cake\View\View::_render() - CORE/src/View/View.php, line 788
Cake\View\View::render() - CORE/src/View/View.php, line 465
Cake\Controller\Controller::render() - CORE/src/Controller/Controller.php, line 582
Cake\Routing\Dispatcher::_invoke() - CORE/src/Routing/Dispatcher.php, line 120
Cake\Routing\Dispatcher::dispatch() - CORE/src/Routing/Dispatcher.php, line 87
[main] - ROOT/webroot/index.php, line 37



2015-08-22 02:22:08 Notice: Notice (8): Undefined variable: cliente in [/opt/lampp/htdocs/cakephp/src/Template/Clientes/view.ctp, line 9]
Trace:
Cake\Error\BaseErrorHandler::handleError() - CORE/src/Error/BaseErrorHandler.php, line 139
include - APP/Template/Clientes/view.ctp, line 9
Cake\View\View::_evaluate() - CORE/src/View/View.php, line 828
Cake\View\View::_render() - CORE/src/View/View.php, line 788
Cake\View\View::render() - CORE/src/View/View.php, line 465
Cake\Controller\Controller::render() - CORE/src/Controller/Controller.php, line 582
Cake\Routing\Dispatcher::_invoke() - CORE/src/Routing/Dispatcher.php, line 120
Cake\Routing\Dispatcher::dispatch() - CORE/src/Routing/Dispatcher.php, line 87
[main] - ROOT/webroot/index.php, line 37



2015-08-22 02:22:08 Notice: Notice (8): Trying to get property of non-object in [/opt/lampp/htdocs/cakephp/src/Template/Clientes/view.ctp, line 9]
Trace:
Cake\Error\BaseErrorHandler::handleError() - CORE/src/Error/BaseErrorHandler.php, line 139
include - APP/Template/Clientes/view.ctp, line 9
Cake\View\View::_evaluate() - CORE/src/View/View.php, line 828
Cake\View\View::_render() - CORE/src/View/View.php, line 788
Cake\View\View::render() - CORE/src/View/View.php, line 465
Cake\Controller\Controller::render() - CORE/src/Controller/Controller.php, line 582
Cake\Routing\Dispatcher::_invoke() - CORE/src/Routing/Dispatcher.php, line 120
Cake\Routing\Dispatcher::dispatch() - CORE/src/Routing/Dispatcher.php, line 87
[main] - ROOT/webroot/index.php, line 37



2015-08-22 02:22:08 Notice: Notice (8): Undefined variable: cliente in [/opt/lampp/htdocs/cakephp/src/Template/Clientes/view.ctp, line 13]
Trace:
Cake\Error\BaseErrorHandler::handleError() - CORE/src/Error/BaseErrorHandler.php, line 139
include - APP/Template/Clientes/view.ctp, line 13
Cake\View\View::_evaluate() - CORE/src/View/View.php, line 828
Cake\View\View::_render() - CORE/src/View/View.php, line 788
Cake\View\View::render() - CORE/src/View/View.php, line 465
Cake\Controller\Controller::render() - CORE/src/Controller/Controller.php, line 582
Cake\Routing\Dispatcher::_invoke() - CORE/src/Routing/Dispatcher.php, line 120
Cake\Routing\Dispatcher::dispatch() - CORE/src/Routing/Dispatcher.php, line 87
[main] - ROOT/webroot/index.php, line 37



2015-08-22 02:22:08 Notice: Notice (8): Trying to get property of non-object in [/opt/lampp/htdocs/cakephp/src/Template/Clientes/view.ctp, line 13]
Trace:
Cake\Error\BaseErrorHandler::handleError() - CORE/src/Error/BaseErrorHandler.php, line 139
include - APP/Template/Clientes/view.ctp, line 13
Cake\View\View::_evaluate() - CORE/src/View/View.php, line 828
Cake\View\View::_render() - CORE/src/View/View.php, line 788
Cake\View\View::render() - CORE/src/View/View.php, line 465
Cake\Controller\Controller::render() - CORE/src/Controller/Controller.php, line 582
Cake\Routing\Dispatcher::_invoke() - CORE/src/Routing/Dispatcher.php, line 120
Cake\Routing\Dispatcher::dispatch() - CORE/src/Routing/Dispatcher.php, line 87
[main] - ROOT/webroot/index.php, line 37



2015-08-22 02:22:08 Notice: Notice (8): Undefined variable: cliente in [/opt/lampp/htdocs/cakephp/src/Template/Clientes/view.ctp, line 17]
Trace:
Cake\Error\BaseErrorHandler::handleError() - CORE/src/Error/BaseErrorHandler.php, line 139
include - APP/Template/Clientes/view.ctp, line 17
Cake\View\View::_evaluate() - CORE/src/View/View.php, line 828
Cake\View\View::_render() - CORE/src/View/View.php, line 788
Cake\View\View::render() - CORE/src/View/View.php, line 465
Cake\Controller\Controller::render() - CORE/src/Controller/Controller.php, line 582
Cake\Routing\Dispatcher::_invoke() - CORE/src/Routing/Dispatcher.php, line 120
Cake\Routing\Dispatcher::dispatch() - CORE/src/Routing/Dispatcher.php, line 87
[main] - ROOT/webroot/index.php, line 37



2015-08-22 02:22:08 Notice: Notice (8): Trying to get property of non-object in [/opt/lampp/htdocs/cakephp/src/Template/Clientes/view.ctp, line 17]
Trace:
Cake\Error\BaseErrorHandler::handleError() - CORE/src/Error/BaseErrorHandler.php, line 139
include - APP/Template/Clientes/view.ctp, line 17
Cake\View\View::_evaluate() - CORE/src/View/View.php, line 828
Cake\View\View::_render() - CORE/src/View/View.php, line 788
Cake\View\View::render() - CORE/src/View/View.php, line 465
Cake\Controller\Controller::render() - CORE/src/Controller/Controller.php, line 582
Cake\Routing\Dispatcher::_invoke() - CORE/src/Routing/Dispatcher.php, line 120
Cake\Routing\Dispatcher::dispatch() - CORE/src/Routing/Dispatcher.php, line 87
[main] - ROOT/webroot/index.php, line 37



2015-08-22 05:33:11 Notice: Notice (8): Use of undefined constant Adicionar - assumed 'Adicionar' in [/opt/lampp/htdocs/cakephp/src/Template/Clientes/adicionar.ctp, line 7]
Trace:
Cake\Error\BaseErrorHandler::handleError() - CORE/src/Error/BaseErrorHandler.php, line 139
include - APP/Template/Clientes/adicionar.ctp, line 7
Cake\View\View::_evaluate() - CORE/src/View/View.php, line 828
Cake\View\View::_render() - CORE/src/View/View.php, line 788
Cake\View\View::render() - CORE/src/View/View.php, line 465
Cake\Controller\Controller::render() - CORE/src/Controller/Controller.php, line 582
Cake\Routing\Dispatcher::_invoke() - CORE/src/Routing/Dispatcher.php, line 120
Cake\Routing\Dispatcher::dispatch() - CORE/src/Routing/Dispatcher.php, line 87
[main] - ROOT/webroot/index.php, line 37



2015-08-22 05:34:01 Notice: Notice (8): Use of undefined constant Adicionar - assumed 'Adicionar' in [/opt/lampp/htdocs/cakephp/src/Template/Clientes/adicionar.ctp, line 7]
Trace:
Cake\Error\BaseErrorHandler::handleError() - CORE/src/Error/BaseErrorHandler.php, line 139
include - APP/Template/Clientes/adicionar.ctp, line 7
Cake\View\View::_evaluate() - CORE/src/View/View.php, line 828
Cake\View\View::_render() - CORE/src/View/View.php, line 788
Cake\View\View::render() - CORE/src/View/View.php, line 465
Cake\Controller\Controller::render() - CORE/src/Controller/Controller.php, line 582
Cake\Routing\Dispatcher::_invoke() - CORE/src/Routing/Dispatcher.php, line 120
Cake\Routing\Dispatcher::dispatch() - CORE/src/Routing/Dispatcher.php, line 87
[main] - ROOT/webroot/index.php, line 37



2015-08-22 05:50:18 Notice: Notice (8): Undefined variable: _post in [/opt/lampp/htdocs/cakephp/src/Controller/ClientesController.php, line 20]
Trace:
Cake\Error\BaseErrorHandler::handleError() - CORE/src/Error/BaseErrorHandler.php, line 139
App\Controller\ClientesController::adicionar() - APP/Controller/ClientesController.php, line 20
Cake\Controller\Controller::invokeAction() - CORE/src/Controller/Controller.php, line 411
Cake\Routing\Dispatcher::_invoke() - CORE/src/Routing/Dispatcher.php, line 114
Cake\Routing\Dispatcher::dispatch() - CORE/src/Routing/Dispatcher.php, line 87
[main] - ROOT/webroot/index.php, line 37



2015-08-22 05:50:33 Notice: Notice (8): Undefined variable: _session in [/opt/lampp/htdocs/cakephp/src/Controller/ClientesController.php, line 20]
Trace:
Cake\Error\BaseErrorHandler::handleError() - CORE/src/Error/BaseErrorHandler.php, line 139
App\Controller\ClientesController::adicionar() - APP/Controller/ClientesController.php, line 20
Cake\Controller\Controller::invokeAction() - CORE/src/Controller/Controller.php, line 411
Cake\Routing\Dispatcher::_invoke() - CORE/src/Routing/Dispatcher.php, line 114
Cake\Routing\Dispatcher::dispatch() - CORE/src/Routing/Dispatcher.php, line 87
[main] - ROOT/webroot/index.php, line 37



2015-08-22 05:51:27 Notice: Notice (8): Undefined variable: _session in [/opt/lampp/htdocs/cakephp/src/Controller/ClientesController.php, line 20]
Trace:
Cake\Error\BaseErrorHandler::handleError() - CORE/src/Error/BaseErrorHandler.php, line 139
App\Controller\ClientesController::adicionar() - APP/Controller/ClientesController.php, line 20
Cake\Controller\Controller::invokeAction() - CORE/src/Controller/Controller.php, line 411
Cake\Routing\Dispatcher::_invoke() - CORE/src/Routing/Dispatcher.php, line 114
Cake\Routing\Dispatcher::dispatch() - CORE/src/Routing/Dispatcher.php, line 87
[main] - ROOT/webroot/index.php, line 37



2015-08-22 05:51:35 Notice: Notice (8): Undefined variable: _session in [/opt/lampp/htdocs/cakephp/src/Controller/ClientesController.php, line 20]
Trace:
Cake\Error\BaseErrorHandler::handleError() - CORE/src/Error/BaseErrorHandler.php, line 139
App\Controller\ClientesController::adicionar() - APP/Controller/ClientesController.php, line 20
Cake\Controller\Controller::invokeAction() - CORE/src/Controller/Controller.php, line 411
Cake\Routing\Dispatcher::_invoke() - CORE/src/Routing/Dispatcher.php, line 114
Cake\Routing\Dispatcher::dispatch() - CORE/src/Routing/Dispatcher.php, line 87
[main] - ROOT/webroot/index.php, line 37



2015-08-22 05:53:11 Notice: Notice (8): Undefined variable: _post in [/opt/lampp/htdocs/cakephp/src/Controller/ClientesController.php, line 20]
Trace:
Cake\Error\BaseErrorHandler::handleError() - CORE/src/Error/BaseErrorHandler.php, line 139
App\Controller\ClientesController::adicionar() - APP/Controller/ClientesController.php, line 20
Cake\Controller\Controller::invokeAction() - CORE/src/Controller/Controller.php, line 411
Cake\Routing\Dispatcher::_invoke() - CORE/src/Routing/Dispatcher.php, line 114
Cake\Routing\Dispatcher::dispatch() - CORE/src/Routing/Dispatcher.php, line 87
[main] - ROOT/webroot/index.php, line 37



2015-08-22 05:53:40 Notice: Notice (8): Undefined variable: _post in [/opt/lampp/htdocs/cakephp/src/Controller/ClientesController.php, line 20]
Trace:
Cake\Error\BaseErrorHandler::handleError() - CORE/src/Error/BaseErrorHandler.php, line 139
App\Controller\ClientesController::adicionar() - APP/Controller/ClientesController.php, line 20
Cake\Controller\Controller::invokeAction() - CORE/src/Controller/Controller.php, line 411
Cake\Routing\Dispatcher::_invoke() - CORE/src/Routing/Dispatcher.php, line 114
Cake\Routing\Dispatcher::dispatch() - CORE/src/Routing/Dispatcher.php, line 87
[main] - ROOT/webroot/index.php, line 37



2015-08-22 21:12:56 Notice: Notice (8): Undefined variable: clientesTable in [/opt/lampp/htdocs/cakephp/src/Controller/ClientesController.php, line 38]
Trace:
Cake\Error\BaseErrorHandler::handleError() - CORE/src/Error/BaseErrorHandler.php, line 139
App\Controller\ClientesController::editar() - APP/Controller/ClientesController.php, line 38
Cake\Controller\Controller::invokeAction() - CORE/src/Controller/Controller.php, line 411
Cake\Routing\Dispatcher::_invoke() - CORE/src/Routing/Dispatcher.php, line 114
Cake\Routing\Dispatcher::dispatch() - CORE/src/Routing/Dispatcher.php, line 87
[main] - ROOT/webroot/index.php, line 37



2015-08-22 21:18:40 Notice: Notice (8): Undefined variable: clientesTable in [/opt/lampp/htdocs/cakephp/src/Controller/ClientesController.php, line 38]
Trace:
Cake\Error\BaseErrorHandler::handleError() - CORE/src/Error/BaseErrorHandler.php, line 139
App\Controller\ClientesController::editar() - APP/Controller/ClientesController.php, line 38
Cake\Controller\Controller::invokeAction() - CORE/src/Controller/Controller.php, line 411
Cake\Routing\Dispatcher::_invoke() - CORE/src/Routing/Dispatcher.php, line 114
Cake\Routing\Dispatcher::dispatch() - CORE/src/Routing/Dispatcher.php, line 87
[main] - ROOT/webroot/index.php, line 37



2015-08-22 21:19:38 Notice: Notice (8): Undefined variable: clientesTable in [/opt/lampp/htdocs/cakephp/src/Controller/ClientesController.php, line 38]
Trace:
Cake\Error\BaseErrorHandler::handleError() - CORE/src/Error/BaseErrorHandler.php, line 139
App\Controller\ClientesController::editar() - APP/Controller/ClientesController.php, line 38
Cake\Controller\Controller::invokeAction() - CORE/src/Controller/Controller.php, line 411
Cake\Routing\Dispatcher::_invoke() - CORE/src/Routing/Dispatcher.php, line 114
Cake\Routing\Dispatcher::dispatch() - CORE/src/Routing/Dispatcher.php, line 87
[main] - ROOT/webroot/index.php, line 37



2015-08-22 22:26:00 Notice: Notice (8): Undefined index: senha in [/opt/lampp/htdocs/cakephp/src/Controller/ClientesController.php, line 26]
Trace:
Cake\Error\BaseErrorHandler::handleError() - CORE/src/Error/BaseErrorHandler.php, line 139
App\Controller\ClientesController::adicionar() - APP/Controller/ClientesController.php, line 26
Cake\Controller\Controller::invokeAction() - CORE/src/Controller/Controller.php, line 411
Cake\Routing\Dispatcher::_invoke() - CORE/src/Routing/Dispatcher.php, line 114
Cake\Routing\Dispatcher::dispatch() - CORE/src/Routing/Dispatcher.php, line 87
[main] - ROOT/webroot/index.php, line 37



2015-08-22 22:28:59 Notice: Notice (8): Undefined index: senha in [/opt/lampp/htdocs/cakephp/src/Controller/ClientesController.php, line 26]
Trace:
Cake\Error\BaseErrorHandler::handleError() - CORE/src/Error/BaseErrorHandler.php, line 139
App\Controller\ClientesController::adicionar() - APP/Controller/ClientesController.php, line 26
Cake\Controller\Controller::invokeAction() - CORE/src/Controller/Controller.php, line 411
Cake\Routing\Dispatcher::_invoke() - CORE/src/Routing/Dispatcher.php, line 114
Cake\Routing\Dispatcher::dispatch() - CORE/src/Routing/Dispatcher.php, line 87
[main] - ROOT/webroot/index.php, line 37



2015-08-22 22:56:10 Notice: Notice (8): Undefined index: nome in [/opt/lampp/htdocs/cakephp/src/Controller/ClientesController.php, line 40]
Trace:
Cake\Error\BaseErrorHandler::handleError() - CORE/src/Error/BaseErrorHandler.php, line 139
App\Controller\ClientesController::editar() - APP/Controller/ClientesController.php, line 40
Cake\Controller\Controller::invokeAction() - CORE/src/Controller/Controller.php, line 411
Cake\Routing\Dispatcher::_invoke() - CORE/src/Routing/Dispatcher.php, line 114
Cake\Routing\Dispatcher::dispatch() - CORE/src/Routing/Dispatcher.php, line 87
[main] - ROOT/webroot/index.php, line 37



2015-08-22 22:56:10 Notice: Notice (8): Undefined index: usuario in [/opt/lampp/htdocs/cakephp/src/Controller/ClientesController.php, line 41]
Trace:
Cake\Error\BaseErrorHandler::handleError() - CORE/src/Error/BaseErrorHandler.php, line 139
App\Controller\ClientesController::editar() - APP/Controller/ClientesController.php, line 41
Cake\Controller\Controller::invokeAction() - CORE/src/Controller/Controller.php, line 411
Cake\Routing\Dispatcher::_invoke() - CORE/src/Routing/Dispatcher.php, line 114
Cake\Routing\Dispatcher::dispatch() - CORE/src/Routing/Dispatcher.php, line 87
[main] - ROOT/webroot/index.php, line 37



2015-08-22 22:56:10 Notice: Notice (8): Undefined index: senha in [/opt/lampp/htdocs/cakephp/src/Controller/ClientesController.php, line 42]
Trace:
Cake\Error\BaseErrorHandler::handleError() - CORE/src/Error/BaseErrorHandler.php, line 139
App\Controller\ClientesController::editar() - APP/Controller/ClientesController.php, line 42
Cake\Controller\Controller::invokeAction() - CORE/src/Controller/Controller.php, line 411
Cake\Routing\Dispatcher::_invoke() - CORE/src/Routing/Dispatcher.php, line 114
Cake\Routing\Dispatcher::dispatch() - CORE/src/Routing/Dispatcher.php, line 87
[main] - ROOT/webroot/index.php, line 37



2015-08-22 22:56:10 Notice: Notice (8): Undefined variable: clientes in [/opt/lampp/htdocs/cakephp/src/Template/Clientes/editar.ctp, line 4]
Trace:
Cake\Error\BaseErrorHandler::handleError() - CORE/src/Error/BaseErrorHandler.php, line 139
include - APP/Template/Clientes/editar.ctp, line 4
Cake\View\View::_evaluate() - CORE/src/View/View.php, line 828
Cake\View\View::_render() - CORE/src/View/View.php, line 788
Cake\View\View::render() - CORE/src/View/View.php, line 465
Cake\Controller\Controller::render() - CORE/src/Controller/Controller.php, line 582
Cake\Routing\Dispatcher::_invoke() - CORE/src/Routing/Dispatcher.php, line 120
Cake\Routing\Dispatcher::dispatch() - CORE/src/Routing/Dispatcher.php, line 87
[main] - ROOT/webroot/index.php, line 37



2015-08-22 22:56:10 Notice: Notice (8): Trying to get property of non-object in [/opt/lampp/htdocs/cakephp/src/Template/Clientes/editar.ctp, line 4]
Trace:
Cake\Error\BaseErrorHandler::handleError() - CORE/src/Error/BaseErrorHandler.php, line 139
include - APP/Template/Clientes/editar.ctp, line 4
Cake\View\View::_evaluate() - CORE/src/View/View.php, line 828
Cake\View\View::_render() - CORE/src/View/View.php, line 788
Cake\View\View::render() - CORE/src/View/View.php, line 465
Cake\Controller\Controller::render() - CORE/src/Controller/Controller.php, line 582
Cake\Routing\Dispatcher::_invoke() - CORE/src/Routing/Dispatcher.php, line 120
Cake\Routing\Dispatcher::dispatch() - CORE/src/Routing/Dispatcher.php, line 87
[main] - ROOT/webroot/index.php, line 37



2015-08-22 22:56:10 Notice: Notice (8): Undefined variable: clientes in [/opt/lampp/htdocs/cakephp/src/Template/Clientes/editar.ctp, line 5]
Trace:
Cake\Error\BaseErrorHandler::handleError() - CORE/src/Error/BaseErrorHandler.php, line 139
include - APP/Template/Clientes/editar.ctp, line 5
Cake\View\View::_evaluate() - CORE/src/View/View.php, line 828
Cake\View\View::_render() - CORE/src/View/View.php, line 788
Cake\View\View::render() - CORE/src/View/View.php, line 465
Cake\Controller\Controller::render() - CORE/src/Controller/Controller.php, line 582
Cake\Routing\Dispatcher::_invoke() - CORE/src/Routing/Dispatcher.php, line 120
Cake\Routing\Dispatcher::dispatch() - CORE/src/Routing/Dispatcher.php, line 87
[main] - ROOT/webroot/index.php, line 37



2015-08-22 22:56:10 Notice: Notice (8): Trying to get property of non-object in [/opt/lampp/htdocs/cakephp/src/Template/Clientes/editar.ctp, line 5]
Trace:
Cake\Error\BaseErrorHandler::handleError() - CORE/src/Error/BaseErrorHandler.php, line 139
include - APP/Template/Clientes/editar.ctp, line 5
Cake\View\View::_evaluate() - CORE/src/View/View.php, line 828
Cake\View\View::_render() - CORE/src/View/View.php, line 788
Cake\View\View::render() - CORE/src/View/View.php, line 465
Cake\Controller\Controller::render() - CORE/src/Controller/Controller.php, line 582
Cake\Routing\Dispatcher::_invoke() - CORE/src/Routing/Dispatcher.php, line 120
Cake\Routing\Dispatcher::dispatch() - CORE/src/Routing/Dispatcher.php, line 87
[main] - ROOT/webroot/index.php, line 37



2015-08-22 22:56:10 Notice: Notice (8): Undefined variable: clientes in [/opt/lampp/htdocs/cakephp/src/Template/Clientes/editar.ctp, line 6]
Trace:
Cake\Error\BaseErrorHandler::handleError() - CORE/src/Error/BaseErrorHandler.php, line 139
include - APP/Template/Clientes/editar.ctp, line 6
Cake\View\View::_evaluate() - CORE/src/View/View.php, line 828
Cake\View\View::_render() - CORE/src/View/View.php, line 788
Cake\View\View::render() - CORE/src/View/View.php, line 465
Cake\Controller\Controller::render() - CORE/src/Controller/Controller.php, line 582
Cake\Routing\Dispatcher::_invoke() - CORE/src/Routing/Dispatcher.php, line 120
Cake\Routing\Dispatcher::dispatch() - CORE/src/Routing/Dispatcher.php, line 87
[main] - ROOT/webroot/index.php, line 37



2015-08-22 22:56:10 Notice: Notice (8): Trying to get property of non-object in [/opt/lampp/htdocs/cakephp/src/Template/Clientes/editar.ctp, line 6]
Trace:
Cake\Error\BaseErrorHandler::handleError() - CORE/src/Error/BaseErrorHandler.php, line 139
include - APP/Template/Clientes/editar.ctp, line 6
Cake\View\View::_evaluate() - CORE/src/View/View.php, line 828
Cake\View\View::_render() - CORE/src/View/View.php, line 788
Cake\View\View::render() - CORE/src/View/View.php, line 465
Cake\Controller\Controller::render() - CORE/src/Controller/Controller.php, line 582
Cake\Routing\Dispatcher::_invoke() - CORE/src/Routing/Dispatcher.php, line 120
Cake\Routing\Dispatcher::dispatch() - CORE/src/Routing/Dispatcher.php, line 87
[main] - ROOT/webroot/index.php, line 37



2015-08-22 22:56:10 Notice: Notice (8): Undefined variable: clientes in [/opt/lampp/htdocs/cakephp/src/Template/Clientes/editar.ctp, line 7]
Trace:
Cake\Error\BaseErrorHandler::handleError() - CORE/src/Error/BaseErrorHandler.php, line 139
include - APP/Template/Clientes/editar.ctp, line 7
Cake\View\View::_evaluate() - CORE/src/View/View.php, line 828
Cake\View\View::_render() - CORE/src/View/View.php, line 788
Cake\View\View::render() - CORE/src/View/View.php, line 465
Cake\Controller\Controller::render() - CORE/src/Controller/Controller.php, line 582
Cake\Routing\Dispatcher::_invoke() - CORE/src/Routing/Dispatcher.php, line 120
Cake\Routing\Dispatcher::dispatch() - CORE/src/Routing/Dispatcher.php, line 87
[main] - ROOT/webroot/index.php, line 37



2015-08-22 22:56:10 Notice: Notice (8): Trying to get property of non-object in [/opt/lampp/htdocs/cakephp/src/Template/Clientes/editar.ctp, line 7]
Trace:
Cake\Error\BaseErrorHandler::handleError() - CORE/src/Error/BaseErrorHandler.php, line 139
include - APP/Template/Clientes/editar.ctp, line 7
Cake\View\View::_evaluate() - CORE/src/View/View.php, line 828
Cake\View\View::_render() - CORE/src/View/View.php, line 788
Cake\View\View::render() - CORE/src/View/View.php, line 465
Cake\Controller\Controller::render() - CORE/src/Controller/Controller.php, line 582
Cake\Routing\Dispatcher::_invoke() - CORE/src/Routing/Dispatcher.php, line 120
Cake\Routing\Dispatcher::dispatch() - CORE/src/Routing/Dispatcher.php, line 87
[main] - ROOT/webroot/index.php, line 37



2015-08-22 22:56:11 Notice: Notice (8): Undefined index: nome in [/opt/lampp/htdocs/cakephp/src/Controller/ClientesController.php, line 40]
Trace:
Cake\Error\BaseErrorHandler::handleError() - CORE/src/Error/BaseErrorHandler.php, line 139
App\Controller\ClientesController::editar() - APP/Controller/ClientesController.php, line 40
Cake\Controller\Controller::invokeAction() - CORE/src/Controller/Controller.php, line 411
Cake\Routing\Dispatcher::_invoke() - CORE/src/Routing/Dispatcher.php, line 114
Cake\Routing\Dispatcher::dispatch() - CORE/src/Routing/Dispatcher.php, line 87
[main] - ROOT/webroot/index.php, line 37



2015-08-22 22:56:11 Notice: Notice (8): Undefined index: usuario in [/opt/lampp/htdocs/cakephp/src/Controller/ClientesController.php, line 41]
Trace:
Cake\Error\BaseErrorHandler::handleError() - CORE/src/Error/BaseErrorHandler.php, line 139
App\Controller\ClientesController::editar() - APP/Controller/ClientesController.php, line 41
Cake\Controller\Controller::invokeAction() - CORE/src/Controller/Controller.php, line 411
Cake\Routing\Dispatcher::_invoke() - CORE/src/Routing/Dispatcher.php, line 114
Cake\Routing\Dispatcher::dispatch() - CORE/src/Routing/Dispatcher.php, line 87
[main] - ROOT/webroot/index.php, line 37



2015-08-22 22:56:11 Notice: Notice (8): Undefined index: senha in [/opt/lampp/htdocs/cakephp/src/Controller/ClientesController.php, line 42]
Trace:
Cake\Error\BaseErrorHandler::handleError() - CORE/src/Error/BaseErrorHandler.php, line 139
App\Controller\ClientesController::editar() - APP/Controller/ClientesController.php, line 42
Cake\Controller\Controller::invokeAction() - CORE/src/Controller/Controller.php, line 411
Cake\Routing\Dispatcher::_invoke() - CORE/src/Routing/Dispatcher.php, line 114
Cake\Routing\Dispatcher::dispatch() - CORE/src/Routing/Dispatcher.php, line 87
[main] - ROOT/webroot/index.php, line 37



2015-08-22 22:56:11 Notice: Notice (8): Undefined variable: clientes in [/opt/lampp/htdocs/cakephp/src/Template/Clientes/editar.ctp, line 4]
Trace:
Cake\Error\BaseErrorHandler::handleError() - CORE/src/Error/BaseErrorHandler.php, line 139
include - APP/Template/Clientes/editar.ctp, line 4
Cake\View\View::_evaluate() - CORE/src/View/View.php, line 828
Cake\View\View::_render() - CORE/src/View/View.php, line 788
Cake\View\View::render() - CORE/src/View/View.php, line 465
Cake\Controller\Controller::render() - CORE/src/Controller/Controller.php, line 582
Cake\Routing\Dispatcher::_invoke() - CORE/src/Routing/Dispatcher.php, line 120
Cake\Routing\Dispatcher::dispatch() - CORE/src/Routing/Dispatcher.php, line 87
[main] - ROOT/webroot/index.php, line 37



2015-08-22 22:56:11 Notice: Notice (8): Trying to get property of non-object in [/opt/lampp/htdocs/cakephp/src/Template/Clientes/editar.ctp, line 4]
Trace:
Cake\Error\BaseErrorHandler::handleError() - CORE/src/Error/BaseErrorHandler.php, line 139
include - APP/Template/Clientes/editar.ctp, line 4
Cake\View\View::_evaluate() - CORE/src/View/View.php, line 828
Cake\View\View::_render() - CORE/src/View/View.php, line 788
Cake\View\View::render() - CORE/src/View/View.php, line 465
Cake\Controller\Controller::render() - CORE/src/Controller/Controller.php, line 582
Cake\Routing\Dispatcher::_invoke() - CORE/src/Routing/Dispatcher.php, line 120
Cake\Routing\Dispatcher::dispatch() - CORE/src/Routing/Dispatcher.php, line 87
[main] - ROOT/webroot/index.php, line 37



2015-08-22 22:56:11 Notice: Notice (8): Undefined variable: clientes in [/opt/lampp/htdocs/cakephp/src/Template/Clientes/editar.ctp, line 5]
Trace:
Cake\Error\BaseErrorHandler::handleError() - CORE/src/Error/BaseErrorHandler.php, line 139
include - APP/Template/Clientes/editar.ctp, line 5
Cake\View\View::_evaluate() - CORE/src/View/View.php, line 828
Cake\View\View::_render() - CORE/src/View/View.php, line 788
Cake\View\View::render() - CORE/src/View/View.php, line 465
Cake\Controller\Controller::render() - CORE/src/Controller/Controller.php, line 582
Cake\Routing\Dispatcher::_invoke() - CORE/src/Routing/Dispatcher.php, line 120
Cake\Routing\Dispatcher::dispatch() - CORE/src/Routing/Dispatcher.php, line 87
[main] - ROOT/webroot/index.php, line 37



2015-08-22 22:56:11 Notice: Notice (8): Trying to get property of non-object in [/opt/lampp/htdocs/cakephp/src/Template/Clientes/editar.ctp, line 5]
Trace:
Cake\Error\BaseErrorHandler::handleError() - CORE/src/Error/BaseErrorHandler.php, line 139
include - APP/Template/Clientes/editar.ctp, line 5
Cake\View\View::_evaluate() - CORE/src/View/View.php, line 828
Cake\View\View::_render() - CORE/src/View/View.php, line 788
Cake\View\View::render() - CORE/src/View/View.php, line 465
Cake\Controller\Controller::render() - CORE/src/Controller/Controller.php, line 582
Cake\Routing\Dispatcher::_invoke() - CORE/src/Routing/Dispatcher.php, line 120
Cake\Routing\Dispatcher::dispatch() - CORE/src/Routing/Dispatcher.php, line 87
[main] - ROOT/webroot/index.php, line 37



2015-08-22 22:56:11 Notice: Notice (8): Undefined variable: clientes in [/opt/lampp/htdocs/cakephp/src/Template/Clientes/editar.ctp, line 6]
Trace:
Cake\Error\BaseErrorHandler::handleError() - CORE/src/Error/BaseErrorHandler.php, line 139
include - APP/Template/Clientes/editar.ctp, line 6
Cake\View\View::_evaluate() - CORE/src/View/View.php, line 828
Cake\View\View::_render() - CORE/src/View/View.php, line 788
Cake\View\View::render() - CORE/src/View/View.php, line 465
Cake\Controller\Controller::render() - CORE/src/Controller/Controller.php, line 582
Cake\Routing\Dispatcher::_invoke() - CORE/src/Routing/Dispatcher.php, line 120
Cake\Routing\Dispatcher::dispatch() - CORE/src/Routing/Dispatcher.php, line 87
[main] - ROOT/webroot/index.php, line 37



2015-08-22 22:56:11 Notice: Notice (8): Trying to get property of non-object in [/opt/lampp/htdocs/cakephp/src/Template/Clientes/editar.ctp, line 6]
Trace:
Cake\Error\BaseErrorHandler::handleError() - CORE/src/Error/BaseErrorHandler.php, line 139
include - APP/Template/Clientes/editar.ctp, line 6
Cake\View\View::_evaluate() - CORE/src/View/View.php, line 828
Cake\View\View::_render() - CORE/src/View/View.php, line 788
Cake\View\View::render() - CORE/src/View/View.php, line 465
Cake\Controller\Controller::render() - CORE/src/Controller/Controller.php, line 582
Cake\Routing\Dispatcher::_invoke() - CORE/src/Routing/Dispatcher.php, line 120
Cake\Routing\Dispatcher::dispatch() - CORE/src/Routing/Dispatcher.php, line 87
[main] - ROOT/webroot/index.php, line 37



2015-08-22 22:56:11 Notice: Notice (8): Undefined variable: clientes in [/opt/lampp/htdocs/cakephp/src/Template/Clientes/editar.ctp, line 7]
Trace:
Cake\Error\BaseErrorHandler::handleError() - CORE/src/Error/BaseErrorHandler.php, line 139
include - APP/Template/Clientes/editar.ctp, line 7
Cake\View\View::_evaluate() - CORE/src/View/View.php, line 828
Cake\View\View::_render() - CORE/src/View/View.php, line 788
Cake\View\View::render() - CORE/src/View/View.php, line 465
Cake\Controller\Controller::render() - CORE/src/Controller/Controller.php, line 582
Cake\Routing\Dispatcher::_invoke() - CORE/src/Routing/Dispatcher.php, line 120
Cake\Routing\Dispatcher::dispatch() - CORE/src/Routing/Dispatcher.php, line 87
[main] - ROOT/webroot/index.php, line 37



2015-08-22 22:56:11 Notice: Notice (8): Trying to get property of non-object in [/opt/lampp/htdocs/cakephp/src/Template/Clientes/editar.ctp, line 7]
Trace:
Cake\Error\BaseErrorHandler::handleError() - CORE/src/Error/BaseErrorHandler.php, line 139
include - APP/Template/Clientes/editar.ctp, line 7
Cake\View\View::_evaluate() - CORE/src/View/View.php, line 828
Cake\View\View::_render() - CORE/src/View/View.php, line 788
Cake\View\View::render() - CORE/src/View/View.php, line 465
Cake\Controller\Controller::render() - CORE/src/Controller/Controller.php, line 582
Cake\Routing\Dispatcher::_invoke() - CORE/src/Routing/Dispatcher.php, line 120
Cake\Routing\Dispatcher::dispatch() - CORE/src/Routing/Dispatcher.php, line 87
[main] - ROOT/webroot/index.php, line 37



2015-08-22 23:33:06 Notice: Notice (8): Undefined variable: clientes in [/opt/lampp/htdocs/cakephp/src/Template/Clientes/editar.ctp, line 4]
Trace:
Cake\Error\BaseErrorHandler::handleError() - CORE/src/Error/BaseErrorHandler.php, line 139
include - APP/Template/Clientes/editar.ctp, line 4
Cake\View\View::_evaluate() - CORE/src/View/View.php, line 828
Cake\View\View::_render() - CORE/src/View/View.php, line 788
Cake\View\View::render() - CORE/src/View/View.php, line 465
Cake\Controller\Controller::render() - CORE/src/Controller/Controller.php, line 582
Cake\Routing\Dispatcher::_invoke() - CORE/src/Routing/Dispatcher.php, line 120
Cake\Routing\Dispatcher::dispatch() - CORE/src/Routing/Dispatcher.php, line 87
[main] - ROOT/webroot/index.php, line 37



2015-08-22 23:33:06 Notice: Notice (8): Trying to get property of non-object in [/opt/lampp/htdocs/cakephp/src/Template/Clientes/editar.ctp, line 4]
Trace:
Cake\Error\BaseErrorHandler::handleError() - CORE/src/Error/BaseErrorHandler.php, line 139
include - APP/Template/Clientes/editar.ctp, line 4
Cake\View\View::_evaluate() - CORE/src/View/View.php, line 828
Cake\View\View::_render() - CORE/src/View/View.php, line 788
Cake\View\View::render() - CORE/src/View/View.php, line 465
Cake\Controller\Controller::render() - CORE/src/Controller/Controller.php, line 582
Cake\Routing\Dispatcher::_invoke() - CORE/src/Routing/Dispatcher.php, line 120
Cake\Routing\Dispatcher::dispatch() - CORE/src/Routing/Dispatcher.php, line 87
[main] - ROOT/webroot/index.php, line 37



2015-08-22 23:33:06 Notice: Notice (8): Undefined variable: clientes in [/opt/lampp/htdocs/cakephp/src/Template/Clientes/editar.ctp, line 5]
Trace:
Cake\Error\BaseErrorHandler::handleError() - CORE/src/Error/BaseErrorHandler.php, line 139
include - APP/Template/Clientes/editar.ctp, line 5
Cake\View\View::_evaluate() - CORE/src/View/View.php, line 828
Cake\View\View::_render() - CORE/src/View/View.php, line 788
Cake\View\View::render() - CORE/src/View/View.php, line 465
Cake\Controller\Controller::render() - CORE/src/Controller/Controller.php, line 582
Cake\Routing\Dispatcher::_invoke() - CORE/src/Routing/Dispatcher.php, line 120
Cake\Routing\Dispatcher::dispatch() - CORE/src/Routing/Dispatcher.php, line 87
[main] - ROOT/webroot/index.php, line 37



2015-08-22 23:33:06 Notice: Notice (8): Trying to get property of non-object in [/opt/lampp/htdocs/cakephp/src/Template/Clientes/editar.ctp, line 5]
Trace:
Cake\Error\BaseErrorHandler::handleError() - CORE/src/Error/BaseErrorHandler.php, line 139
include - APP/Template/Clientes/editar.ctp, line 5
Cake\View\View::_evaluate() - CORE/src/View/View.php, line 828
Cake\View\View::_render() - CORE/src/View/View.php, line 788
Cake\View\View::render() - CORE/src/View/View.php, line 465
Cake\Controller\Controller::render() - CORE/src/Controller/Controller.php, line 582
Cake\Routing\Dispatcher::_invoke() - CORE/src/Routing/Dispatcher.php, line 120
Cake\Routing\Dispatcher::dispatch() - CORE/src/Routing/Dispatcher.php, line 87
[main] - ROOT/webroot/index.php, line 37



2015-08-22 23:33:06 Notice: Notice (8): Undefined variable: clientes in [/opt/lampp/htdocs/cakephp/src/Template/Clientes/editar.ctp, line 6]
Trace:
Cake\Error\BaseErrorHandler::handleError() - CORE/src/Error/BaseErrorHandler.php, line 139
include - APP/Template/Clientes/editar.ctp, line 6
Cake\View\View::_evaluate() - CORE/src/View/View.php, line 828
Cake\View\View::_render() - CORE/src/View/View.php, line 788
Cake\View\View::render() - CORE/src/View/View.php, line 465
Cake\Controller\Controller::render() - CORE/src/Controller/Controller.php, line 582
Cake\Routing\Dispatcher::_invoke() - CORE/src/Routing/Dispatcher.php, line 120
Cake\Routing\Dispatcher::dispatch() - CORE/src/Routing/Dispatcher.php, line 87
[main] - ROOT/webroot/index.php, line 37



2015-08-22 23:33:06 Notice: Notice (8): Trying to get property of non-object in [/opt/lampp/htdocs/cakephp/src/Template/Clientes/editar.ctp, line 6]
Trace:
Cake\Error\BaseErrorHandler::handleError() - CORE/src/Error/BaseErrorHandler.php, line 139
include - APP/Template/Clientes/editar.ctp, line 6
Cake\View\View::_evaluate() - CORE/src/View/View.php, line 828
Cake\View\View::_render() - CORE/src/View/View.php, line 788
Cake\View\View::render() - CORE/src/View/View.php, line 465
Cake\Controller\Controller::render() - CORE/src/Controller/Controller.php, line 582
Cake\Routing\Dispatcher::_invoke() - CORE/src/Routing/Dispatcher.php, line 120
Cake\Routing\Dispatcher::dispatch() - CORE/src/Routing/Dispatcher.php, line 87
[main] - ROOT/webroot/index.php, line 37



2015-08-23 04:52:20 Notice: Notice (8): Undefined variable: id in [/opt/lampp/htdocs/cakephp/src/Controller/ClientesController.php, line 53]
Trace:
Cake\Error\BaseErrorHandler::handleError() - CORE/src/Error/BaseErrorHandler.php, line 139
App\Controller\ClientesController::deletar() - APP/Controller/ClientesController.php, line 53
Cake\Controller\Controller::invokeAction() - CORE/src/Controller/Controller.php, line 411
Cake\Routing\Dispatcher::_invoke() - CORE/src/Routing/Dispatcher.php, line 114
Cake\Routing\Dispatcher::dispatch() - CORE/src/Routing/Dispatcher.php, line 87
[main] - ROOT/webroot/index.php, line 37



2015-08-23 04:52:20 Notice: Notice (8): Undefined variable: id in [/opt/lampp/htdocs/cakephp/src/Controller/ClientesController.php, line 53]
Trace:
Cake\Error\BaseErrorHandler::handleError() - CORE/src/Error/BaseErrorHandler.php, line 139
App\Controller\ClientesController::deletar() - APP/Controller/ClientesController.php, line 53
Cake\Controller\Controller::invokeAction() - CORE/src/Controller/Controller.php, line 411
Cake\Routing\Dispatcher::_invoke() - CORE/src/Routing/Dispatcher.php, line 114
Cake\Routing\Dispatcher::dispatch() - CORE/src/Routing/Dispatcher.php, line 87
[main] - ROOT/webroot/index.php, line 37



